c:\su\cse687\code\project2helps2019\project2starter\project2starter\x64\debug\vc141.pdb
c:\su\cse687\code\project2helps2019\project2starter\project2starter\x64\debug\vc141.idb
c:\su\cse687\code\project2helps2019\project2starter\project2starter\x64\debug\parser.obj
c:\su\cse687\code\project2helps2019\project2starter\project2starter\x64\debug\executive.obj
c:\su\cse687\code\project2helps2019\project2starter\project2starter\x64\debug\configureparser.obj
c:\su\cse687\code\project2helps2019\project2starter\project2starter\x64\debug\actionsandrules.obj
c:\su\cse687\code\project2helps2019\project2starter\project2starter\x64\debug\utilities.obj
c:\su\cse687\code\project2helps2019\project2starter\project2starter\x64\debug\toker.obj
c:\su\cse687\code\project2helps2019\project2starter\project2starter\x64\debug\semi.obj
c:\su\cse687\code\project2helps2019\project2starter\project2starter\x64\debug\scopestack.obj
c:\su\cse687\code\project2helps2019\project2starter\project2starter\x64\debug\logger.obj
c:\su\cse687\code\project2helps2019\project2starter\project2starter\x64\debug\grammarhelpers.obj
c:\su\cse687\code\project2helps2019\project2starter\project2starter\x64\debug\filesystem.obj
c:\su\cse687\code\project2helps2019\project2starter\project2starter\x64\debug\abstrsyntree.obj
c:\su\cse687\code\project2helps2019\project2starter\x64\debug\project2starter.exe
c:\su\cse687\code\project2helps2019\project2starter\x64\debug\project2starter.ilk
c:\su\cse687\code\project2helps2019\project2starter\x64\debug\project2starter.pdb
c:\su\cse687\code\project2helps2019\project2starter\project2starter\x64\debug\project2starter.tlog\cl.command.1.tlog
c:\su\cse687\code\project2helps2019\project2starter\project2starter\x64\debug\project2starter.tlog\cl.read.1.tlog
c:\su\cse687\code\project2helps2019\project2starter\project2starter\x64\debug\project2starter.tlog\cl.write.1.tlog
c:\su\cse687\code\project2helps2019\project2starter\project2starter\x64\debug\project2starter.tlog\link.command.1.tlog
c:\su\cse687\code\project2helps2019\project2starter\project2starter\x64\debug\project2starter.tlog\link.read.1.tlog
c:\su\cse687\code\project2helps2019\project2starter\project2starter\x64\debug\project2starter.tlog\link.write.1.tlog
