e:\687\project4_jwei15\project2starter\project2starter\debug\project2starter.pdb
e:\687\project4_jwei15\project2starter\project2starter\debug\project2starter.idb
e:\687\project4_jwei15\project2starter\project2starter\debug\parser.obj
e:\687\project4_jwei15\project2starter\project2starter\debug\executive.obj
e:\687\project4_jwei15\project2starter\project2starter\debug\configureparser.obj
e:\687\project4_jwei15\project2starter\project2starter\debug\actionsandrules.obj
e:\687\project4_jwei15\project2starter\project2starter\debug\utilitiesp2.obj
e:\687\project4_jwei15\project2starter\project2starter\debug\toker.obj
e:\687\project4_jwei15\project2starter\project2starter\debug\semi.obj
e:\687\project4_jwei15\project2starter\project2starter\debug\scopestack.obj
e:\687\project4_jwei15\project2starter\project2starter\debug\logger.obj
e:\687\project4_jwei15\project2starter\project2starter\debug\grammarhelpers.obj
e:\687\project4_jwei15\project2starter\project2starter\debug\filesystem.obj
e:\687\project4_jwei15\project2starter\project2starter\debug\abstrsyntree.obj
e:\687\project4_jwei15\debug\project2starter.lib
e:\687_unrefined\687_unrefined\project4_jwei15\debug\project2starter.lib
e:\687_unrefined\687_unrefined\project4_jwei15\project2starter\project2starter\debug\project2starter.tlog\cl.command.1.tlog
e:\687_unrefined\687_unrefined\project4_jwei15\project2starter\project2starter\debug\project2starter.tlog\cl.read.1.tlog
e:\687_unrefined\687_unrefined\project4_jwei15\project2starter\project2starter\debug\project2starter.tlog\cl.write.1.tlog
e:\687_unrefined\687_unrefined\project4_jwei15\project2starter\project2starter\debug\project2starter.tlog\lib-link.read.1.tlog
e:\687_unrefined\687_unrefined\project4_jwei15\project2starter\project2starter\debug\project2starter.tlog\lib-link.write.1.tlog
e:\687_unrefined\687_unrefined\project4_jwei15\project2starter\project2starter\debug\project2starter.tlog\lib.command.1.tlog
