e:\687_unrefined\687_unrefined\project4_jwei15\formwithcppthread\formwithcppthread\debug\formwithcppthread.pch
e:\687_unrefined\687_unrefined\project4_jwei15\formwithcppthread\formwithcppthread\debug\vc141.pdb
e:\687_unrefined\687_unrefined\project4_jwei15\formwithcppthread\formwithcppthread\debug\stdafx.obj
e:\687_unrefined\687_unrefined\project4_jwei15\formwithcppthread\formwithcppthread\debug\formwithcppthread.obj
e:\687_unrefined\687_unrefined\project4_jwei15\formwithcppthread\formwithcppthread\debug\assemblyinfo.obj
e:\687_unrefined\687_unrefined\project4_jwei15\formwithcppthread\formwithcppthread\debug\.netframework,version=v4.0.assemblyattributes.obj
e:\687_unrefined\687_unrefined\project4_jwei15\formwithcppthread\formwithcppthread\debug\.netframework,version=v4.0.assemblyattributes.asm
e:\687_unrefined\687_unrefined\project4_jwei15\formwithcppthread\formwithcppthread\debug\formwithcppthread.form1.resources
e:\687_unrefined\687_unrefined\project4_jwei15\debug\formwithcppthread.exe
e:\687_unrefined\687_unrefined\project4_jwei15\debug\formwithcppthread.pdb
e:\687_unrefined\687_unrefined\project4_jwei15\formwithcppthread\formwithcppthread\debug\app.res
e:\687_unrefined\687_unrefined\project4_jwei15\formwithcppthread\formwithcppthread\debug\formwithcppthread.vcxproj.generateresource.cache
e:\687_unrefined\687_unrefined\project4_jwei15\formwithcppthread\formwithcppthread\debug\formwithcppthread.vcxprojassemblyreference.cache
e:\687_unrefined\687_unrefined\project4_jwei15\formwithcppthread\formwithcppthread\debug\formwith.ace3c283.tlog\cl.command.1.tlog
e:\687_unrefined\687_unrefined\project4_jwei15\formwithcppthread\formwithcppthread\debug\formwith.ace3c283.tlog\cl.read.1.tlog
e:\687_unrefined\687_unrefined\project4_jwei15\formwithcppthread\formwithcppthread\debug\formwith.ace3c283.tlog\cl.write.1.tlog
e:\687_unrefined\687_unrefined\project4_jwei15\formwithcppthread\formwithcppthread\debug\formwith.ace3c283.tlog\formwithcppthread.write.1u.tlog
e:\687_unrefined\687_unrefined\project4_jwei15\formwithcppthread\formwithcppthread\debug\formwith.ace3c283.tlog\link.command.1.tlog
e:\687_unrefined\687_unrefined\project4_jwei15\formwithcppthread\formwithcppthread\debug\formwith.ace3c283.tlog\link.read.1.tlog
e:\687_unrefined\687_unrefined\project4_jwei15\formwithcppthread\formwithcppthread\debug\formwith.ace3c283.tlog\link.write.1.tlog
e:\687_unrefined\687_unrefined\project4_jwei15\formwithcppthread\formwithcppthread\debug\formwith.ace3c283.tlog\metagen.read.1.tlog
e:\687_unrefined\687_unrefined\project4_jwei15\formwithcppthread\formwithcppthread\debug\formwith.ace3c283.tlog\metagen.write.1.tlog
e:\687_unrefined\687_unrefined\project4_jwei15\formwithcppthread\formwithcppthread\debug\formwith.ace3c283.tlog\rc.command.1.tlog
e:\687_unrefined\687_unrefined\project4_jwei15\formwithcppthread\formwithcppthread\debug\formwith.ace3c283.tlog\rc.read.1.tlog
e:\687_unrefined\687_unrefined\project4_jwei15\formwithcppthread\formwithcppthread\debug\formwith.ace3c283.tlog\rc.write.1.tlog
